# JRE version: OpenJDK Runtime Environment (8.0_152-b01) (build 1.8.0_152-release-1343-b01)
# Java VM: OpenJDK 64-Bit Server VM (25.152-b01 mixed mode windows-amd64 compressed oops)
Heap:
 PSYoungGen      total 58368K, used 20462K [0x00000000e0000000, 0x00000000e3e00000, 0x0000000100000000)
  eden space 53248K, 38% used [0x00000000e0000000,0x00000000e13fb978,0x00000000e3400000)
  from space 5120K, 0% used [0x00000000e3400000,0x00000000e3400000,0x00000000e3900000)
  to   space 5120K, 0% used [0x00000000e3900000,0x00000000e3900000,0x00000000e3e00000)
 ParOldGen       total 33792K, used 15863K [0x00000000a0000000, 0x00000000a2100000, 0x00000000e0000000)
  object space 33792K, 46% used [0x00000000a0000000,0x00000000a0f7dc68,0x00000000a2100000)
 Metaspace       used 35721K, capacity 36498K, committed 36736K, reserved 1081344K
  class space    used 4770K, capacity 4992K, committed 4992K, reserved 1048576K
GC Heap History (10 events):
Event: 39.238 GC heap before
{Heap before GC invocations=21 (full 1):
 PSYoungGen      total 39936K, used 36026K [0x00000000e0000000, 0x00000000e3380000, 0x0000000100000000)
  eden space 34816K, 99% used [0x00000000e0000000,0x00000000e21feb50,0x00000000e2200000)
  from space 5120K, 23% used [0x00000000e2200000,0x00000000e2330000,0x00000000e2700000)
  to   space 5120K, 0% used [0x00000000e2e80000,0x00000000e2e80000,0x00000000e3380000)
 ParOldGen       total 33792K, used 13609K [0x00000000a0000000, 0x00000000a2100000, 0x00000000e0000000)
  object space 33792K, 40% used [0x00000000a0000000,0x00000000a0d4a628,0x00000000a2100000)
 Metaspace       used 32523K, capacity 33144K, committed 33280K, reserved 1077248K
  class space    used 4371K, capacity 4586K, committed 4608K, reserved 1048576K
Event: 39.241 GC heap after
Heap after GC invocations=21 (full 1):
 PSYoungGen      total 47616K, used 1156K [0x00000000e0000000, 0x00000000e3380000, 0x0000000100000000)
  eden space 42496K, 0% used [0x00000000e0000000,0x00000000e0000000,0x00000000e2980000)
  from space 5120K, 22% used [0x00000000e2e80000,0x00000000e2fa1278,0x00000000e3380000)
  to   space 5120K, 0% used [0x00000000e2980000,0x00000000e2980000,0x00000000e2e80000)
 ParOldGen       total 33792K, used 14745K [0x00000000a0000000, 0x00000000a2100000, 0x00000000e0000000)
  object space 33792K, 43% used [0x00000000a0000000,0x00000000a0e66628,0x00000000a2100000)
 Metaspace       used 32523K, capacity 33144K, committed 33280K, reserved 1077248K
  class space    used 4371K, capacity 4586K, committed 4608K, reserved 1048576K
}
Event: 39.727 GC heap before
{Heap before GC invocations=22 (full 1):
 PSYoungGen      total 47616K, used 43652K [0x00000000e0000000, 0x00000000e3380000, 0x0000000100000000)
  eden space 42496K, 100% used [0x00000000e0000000,0x00000000e2980000,0x00000000e2980000)
  from space 5120K, 22% used [0x00000000e2e80000,0x00000000e2fa1278,0x00000000e3380000)
  to   space 5120K, 0% used [0x00000000e2980000,0x00000000e2980000,0x00000000e2e80000)
 ParOldGen       total 33792K, used 14745K [0x00000000a0000000, 0x00000000a2100000, 0x00000000e0000000)
  object space 33792K, 43% used [0x00000000a0000000,0x00000000a0e66628,0x00000000a2100000)
 Metaspace       used 32523K, capacity 33144K, committed 33280K, reserved 1077248K
  class space    used 4371K, capacity 4586K, committed 4608K, reserved 1048576K
Event: 39.734 GC heap after
Heap after GC invocations=22 (full 1):
 PSYoungGen      total 47616K, used 1494K [0x00000000e0000000, 0x00000000e3e00000, 0x0000000100000000)
  eden space 42496K, 0% used [0x00000000e0000000,0x00000000e0000000,0x00000000e2980000)
  from space 5120K, 29% used [0x00000000e2980000,0x00000000e2af5ba8,0x00000000e2e80000)
  to   space 5120K, 0% used [0x00000000e3900000,0x00000000e3900000,0x00000000e3e00000)
 ParOldGen       total 33792K, used 15809K [0x00000000a0000000, 0x00000000a2100000, 0x00000000e0000000)
  object space 33792K, 46% used [0x00000000a0000000,0x00000000a0f70628,0x00000000a2100000)
 Metaspace       used 32523K, capacity 33144K, committed 33280K, reserved 1077248K
  class space    used 4371K, capacity 4586K, committed 4608K, reserved 1048576K
}
Event: 40.136 GC heap before
{Heap before GC invocations=23 (full 1):
 PSYoungGen      total 47616K, used 43990K [0x00000000e0000000, 0x00000000e3e00000, 0x0000000100000000)
  eden space 42496K, 100% used [0x00000000e0000000,0x00000000e2980000,0x00000000e2980000)
  from space 5120K, 29% used [0x00000000e2980000,0x00000000e2af5ba8,0x00000000e2e80000)
  to   space 5120K, 0% used [0x00000000e3900000,0x00000000e3900000,0x00000000e3e00000)
 ParOldGen       total 33792K, used 15809K [0x00000000a0000000, 0x00000000a2100000, 0x00000000e0000000)
  object space 33792K, 46% used [0x00000000a0000000,0x00000000a0f70628,0x00000000a2100000)
 Metaspace       used 32523K, capacity 33144K, committed 33280K, reserved 1077248K
  class space    used 4371K, capacity 4586K, committed 4608K, reserved 1048576K
Event: 40.141 GC heap after
Heap after GC invocations=23 (full 1):
 PSYoungGen      total 58368K, used 1490K [0x00000000e0000000, 0x00000000e3e00000, 0x0000000100000000)
  eden space 53248K, 0% used [0x00000000e0000000,0x00000000e0000000,0x00000000e3400000)
  from space 5120K, 29% used [0x00000000e3900000,0x00000000e3a74970,0x00000000e3e00000)
  to   space 5120K, 0% used [0x00000000e3400000,0x00000000e3400000,0x00000000e3900000)
 ParOldGen       total 33792K, used 17153K [0x00000000a0000000, 0x00000000a2100000, 0x00000000e0000000)
  object space 33792K, 50% used [0x00000000a0000000,0x00000000a10c0628,0x00000000a2100000)
 Metaspace       used 32523K, capacity 33144K, committed 33280K, reserved 1077248K
  class space    used 4371K, capacity 4586K, committed 4608K, reserved 1048576K
}
Event: 42.609 GC heap before
{Heap before GC invocations=24 (full 1):
 PSYoungGen      total 58368K, used 50576K [0x00000000e0000000, 0x00000000e3e00000, 0x0000000100000000)
  eden space 53248K, 92% used [0x00000000e0000000,0x00000000e2fef760,0x00000000e3400000)
  from space 5120K, 29% used [0x00000000e3900000,0x00000000e3a74970,0x00000000e3e00000)
  to   space 5120K, 0% used [0x00000000e3400000,0x00000000e3400000,0x00000000e3900000)
 ParOldGen       total 33792K, used 17153K [0x00000000a0000000, 0x00000000a2100000, 0x00000000e0000000)
  object space 33792K, 50% used [0x00000000a0000000,0x00000000a10c0628,0x00000000a2100000)
 Metaspace       used 34658K, capacity 35296K, committed 35456K, reserved 1079296K
  class space    used 4682K, capacity 4893K, committed 4992K, reserved 1048576K
Event: 42.620 GC heap after
Heap after GC invocations=24 (full 1):
 PSYoungGen      total 58368K, used 4061K [0x00000000e0000000, 0x00000000e3e00000, 0x0000000100000000)
  eden space 53248K, 0% used [0x00000000e0000000,0x00000000e0000000,0x00000000e3400000)
  from space 5120K, 79% used [0x00000000e3400000,0x00000000e37f76e8,0x00000000e3900000)
  to   space 5120K, 0% used [0x00000000e3900000,0x00000000e3900000,0x00000000e3e00000)
 ParOldGen       total 33792K, used 18587K [0x00000000a0000000, 0x00000000a2100000, 0x00000000e0000000)
  object space 33792K, 55% used [0x00000000a0000000,0x00000000a1226f98,0x00000000a2100000)
 Metaspace       used 34658K, capacity 35296K, committed 35456K, reserved 1079296K
  class space    used 4682K, capacity 4893K, committed 4992K, reserved 1048576K
}
Event: 42.620 GC heap before
{Heap before GC invocations=25 (full 2):
 PSYoungGen      total 58368K, used 4061K [0x00000000e0000000, 0x00000000e3e00000, 0x0000000100000000)
  eden space 53248K, 0% used [0x00000000e0000000,0x00000000e0000000,0x00000000e3400000)
  from space 5120K, 79% used [0x00000000e3400000,0x00000000e37f76e8,0x00000000e3900000)
  to   space 5120K, 0% used [0x00000000e3900000,0x00000000e3900000,0x00000000e3e00000)
 ParOldGen       total 33792K, used 18587K [0x00000000a0000000, 0x00000000a2100000, 0x00000000e0000000)
  object space 33792K, 55% used [0x00000000a0000000,0x00000000a1226f98,0x00000000a2100000)
 Metaspace       used 34658K, capacity 35296K, committed 35456K, reserved 1079296K
  class space    used 4682K, capacity 4893K, committed 4992K, reserved 1048576K
Event: 42.767 GC heap after
Heap after GC invocations=25 (full 2):
 PSYoungGen      total 58368K, used 0K [0x00000000e0000000, 0x00000000e3e00000, 0x0000000100000000)
  eden space 53248K, 0% used [0x00000000e0000000,0x00000000e0000000,0x00000000e3400000)
  from space 5120K, 0% used [0x00000000e3400000,0x00000000e3400000,0x00000000e3900000)
  to   space 5120K, 0% used [0x00000000e3900000,0x00000000e3900000,0x00000000e3e00000)
 ParOldGen       total 33792K, used 15863K [0x00000000a0000000, 0x00000000a2100000, 0x00000000e0000000)
  object space 33792K, 46% used [0x00000000a0000000,0x00000000a0f7dc68,0x00000000a2100000)
 Metaspace       used 34606K, capacity 35232K, committed 35456K, reserved 1079296K
  class space    used 4665K, capacity 4873K, committed 4992K, reserved 1048576K
}

